<?xml version='1.0' encoding='UTF-8'?>
<testsuite hostname="zion" name="TestMacros" tests="2" errors="0" failures="0" skipped="0" time="0.011" timestamp="2020-10-26T12:08:14">
                     <properties>
[...]
</properties>
                     <testcase classname="TestMacros" name="SVMacros should accept svrandc param" time="0.01">
                                                 
                                               </testcase><testcase classname="TestMacros" name="SVMacros should accpet domain param" time="0.001">
                                                 
                                               </testcase>
                     <system-out><![CDATA[]]></system-out>
                     <system-err><![CDATA[]]></system-err>
                   </testsuite>